  005_BYTE.cpp
C:\Users\PC2401\source\repos\005_BYTE\005_BYTE\005_BYTE.cpp(9,9): warning C4477: 'printf' : 서식 문자열 '%d'에 'int' 형식의 인수가 필요하지만 variadic 인수 1의 형식이 'size_t'입니다.
      C:\Users\PC2401\source\repos\005_BYTE\005_BYTE\005_BYTE.cpp(9,9):
      서식 문자열에서 '%zd'을(를) 사용하는 것이 좋습니다.
  
C:\Users\PC2401\source\repos\005_BYTE\005_BYTE\005_BYTE.cpp(10,9): warning C4477: 'printf' : 서식 문자열 '%d'에 'int' 형식의 인수가 필요하지만 variadic 인수 1의 형식이 'size_t'입니다.
      C:\Users\PC2401\source\repos\005_BYTE\005_BYTE\005_BYTE.cpp(10,9):
      서식 문자열에서 '%zd'을(를) 사용하는 것이 좋습니다.
  
C:\Users\PC2401\source\repos\005_BYTE\005_BYTE\005_BYTE.cpp(11,9): warning C4477: 'printf' : 서식 문자열 '%d'에 'int' 형식의 인수가 필요하지만 variadic 인수 1의 형식이 'size_t'입니다.
      C:\Users\PC2401\source\repos\005_BYTE\005_BYTE\005_BYTE.cpp(11,9):
      서식 문자열에서 '%zd'을(를) 사용하는 것이 좋습니다.
  
C:\Users\PC2401\source\repos\005_BYTE\005_BYTE\005_BYTE.cpp(12,9): warning C4477: 'printf' : 서식 문자열 '%d'에 'int' 형식의 인수가 필요하지만 variadic 인수 1의 형식이 'size_t'입니다.
      C:\Users\PC2401\source\repos\005_BYTE\005_BYTE\005_BYTE.cpp(12,9):
      서식 문자열에서 '%zd'을(를) 사용하는 것이 좋습니다.
  
C:\Users\PC2401\source\repos\005_BYTE\005_BYTE\005_BYTE.cpp(13,9): warning C4477: 'printf' : 서식 문자열 '%d'에 'int' 형식의 인수가 필요하지만 variadic 인수 1의 형식이 'size_t'입니다.
      C:\Users\PC2401\source\repos\005_BYTE\005_BYTE\005_BYTE.cpp(13,9):
      서식 문자열에서 '%zd'을(를) 사용하는 것이 좋습니다.
  
C:\Users\PC2401\source\repos\005_BYTE\005_BYTE\005_BYTE.cpp(15,9): warning C4477: 'printf' : 서식 문자열 '%d'에 'int' 형식의 인수가 필요하지만 variadic 인수 1의 형식이 'size_t'입니다.
      C:\Users\PC2401\source\repos\005_BYTE\005_BYTE\005_BYTE.cpp(15,9):
      서식 문자열에서 '%zd'을(를) 사용하는 것이 좋습니다.
  
C:\Users\PC2401\source\repos\005_BYTE\005_BYTE\005_BYTE.cpp(16,9): warning C4477: 'printf' : 서식 문자열 '%d'에 'int' 형식의 인수가 필요하지만 variadic 인수 1의 형식이 'size_t'입니다.
      C:\Users\PC2401\source\repos\005_BYTE\005_BYTE\005_BYTE.cpp(16,9):
      서식 문자열에서 '%zd'을(를) 사용하는 것이 좋습니다.
  
C:\Users\PC2401\source\repos\005_BYTE\005_BYTE\005_BYTE.cpp(26,9): warning C4477: 'printf' : 서식 문자열 '%d'에 'int' 형식의 인수가 필요하지만 variadic 인수 1의 형식이 'size_t'입니다.
      C:\Users\PC2401\source\repos\005_BYTE\005_BYTE\005_BYTE.cpp(26,9):
      서식 문자열에서 '%zd'을(를) 사용하는 것이 좋습니다.
  
C:\Users\PC2401\source\repos\005_BYTE\005_BYTE\005_BYTE.cpp(27,9): warning C4477: 'printf' : 서식 문자열 '%d'에 'int' 형식의 인수가 필요하지만 variadic 인수 1의 형식이 'size_t'입니다.
      C:\Users\PC2401\source\repos\005_BYTE\005_BYTE\005_BYTE.cpp(27,9):
      서식 문자열에서 '%zd'을(를) 사용하는 것이 좋습니다.
  
C:\Users\PC2401\source\repos\005_BYTE\005_BYTE\005_BYTE.cpp(28,9): warning C4477: 'printf' : 서식 문자열 '%d'에 'int' 형식의 인수가 필요하지만 variadic 인수 1의 형식이 'size_t'입니다.
      C:\Users\PC2401\source\repos\005_BYTE\005_BYTE\005_BYTE.cpp(28,9):
      서식 문자열에서 '%zd'을(를) 사용하는 것이 좋습니다.
  
C:\Users\PC2401\source\repos\005_BYTE\005_BYTE\005_BYTE.cpp(29,9): warning C4477: 'printf' : 서식 문자열 '%d'에 'int' 형식의 인수가 필요하지만 variadic 인수 1의 형식이 'size_t'입니다.
      C:\Users\PC2401\source\repos\005_BYTE\005_BYTE\005_BYTE.cpp(29,9):
      서식 문자열에서 '%zd'을(를) 사용하는 것이 좋습니다.
  
C:\Users\PC2401\source\repos\005_BYTE\005_BYTE\005_BYTE.cpp(30,9): warning C4477: 'printf' : 서식 문자열 '%d'에 'int' 형식의 인수가 필요하지만 variadic 인수 1의 형식이 'size_t'입니다.
      C:\Users\PC2401\source\repos\005_BYTE\005_BYTE\005_BYTE.cpp(30,9):
      서식 문자열에서 '%zd'을(를) 사용하는 것이 좋습니다.
  
C:\Users\PC2401\source\repos\005_BYTE\005_BYTE\005_BYTE.cpp(32,9): warning C4477: 'printf' : 서식 문자열 '%d'에 'int' 형식의 인수가 필요하지만 variadic 인수 1의 형식이 'size_t'입니다.
      C:\Users\PC2401\source\repos\005_BYTE\005_BYTE\005_BYTE.cpp(32,9):
      서식 문자열에서 '%zd'을(를) 사용하는 것이 좋습니다.
  
C:\Users\PC2401\source\repos\005_BYTE\005_BYTE\005_BYTE.cpp(33,9): warning C4477: 'printf' : 서식 문자열 '%d'에 'int' 형식의 인수가 필요하지만 variadic 인수 1의 형식이 'size_t'입니다.
      C:\Users\PC2401\source\repos\005_BYTE\005_BYTE\005_BYTE.cpp(33,9):
      서식 문자열에서 '%zd'을(를) 사용하는 것이 좋습니다.
  
  005_BYTE.vcxproj -> C:\Users\PC2401\source\repos\005_BYTE\x64\Debug\001_byte.exe
